Microsoft (R) Macro Assembler Version 14.15.26732.1	    11/20/18 21:24:18
z41.asm							     Page 1 - 1


 0000				STACK	SEGMENT STACK
 0000  0100 [			DB	256 DUP(0)
        00
       ]
 0100				STACK	ENDS
 0000				DATA	SEGMENT
 0000 01 02 03 04 05 06		ARY1	DB	1,2,3,4,5,6,7,8,9,10
       07 08 09 0A
 000A = 000A			COUNT1	EQU	$-ARY1
 000A 0000			SUM1	DW	?
 000C 0A 0B 0C 0D 0E 0F		ARY2	DB	10,11,12,13,14,15,16,17,18
       10 11 12
 0015 = 0009			COUNT2	EQU	$-ARY2
 0015 0000			SUM2	DW	?
 0017				DATA	ENDS
 0000				MAIN	SEGMENT
				ASSUME	CS:MAIN,DS:DATA,SS:STACK
 0000				START	PROC	FAR
 0000  1E			PUSH	 DS
 0001  33 C0			XOR	AX,AX
 0003  50			PUSH	AX
 0004  B8 ---- R		MOV	AX,DATA
z41.asm(18) : error A2004:symbol type conflict
 0007  8E D8			MOV	DS,AX
 0009  B8 000A			MOV	AX,COUNT1
 000C  50			PUSH	AX
 000D  8D 06 0000 R		LEA	AX,ARY1
 0011  50			PUSH	AX
 0012  9A ---- 0000 R		CALL	FAR PTR SUM
 0017  B8 0009			MOV	AX,COUNT2
 001A  50			PUSH	AX
 001B  8D 06 000C R		LEA	AX,ARY2
 001F  50			PUSH	AX
 0020  9A ---- 0000 R		CALL	FAR PTR SUM
 0025  CB			RET
 0026				START	ENDP
 0026				MAIN	ENDS
 0000				PROCE	SEGMENT
				ASSUME	CS: PROCE
 0000				SUM	  PROC   FAR
 0000  8B EC			MOV	BP,SP
 0002  8B 4E 06			MOV	CX,[BP+6]
 0005  8B 5E 04			MOV	BX,[BP+4]
 0008  33 C0			XOR	AX,AX
 000A  02 07			ADN:	ADD	AL,[BX]
 000C  80 D4 00			ADC	AH,0
 000F  43			INC	BX
 0010  E2 F8			LOOP	ADN
 0012  89 07			MOV	[BX],AX
 0014  CA 0004			RET	4
 0017				SUM	ENDP
 0017				PROCE	ENDS
				END	START
z41.asm(48) : warning A4023:with /coff switch, leading underscore required for start address : START
Microsoft (R) Macro Assembler Version 14.15.26732.1	    11/20/18 21:24:18
z41.asm							     Symbols 2 - 1




Segments and Groups:

                N a m e                 Size     Length   Align   Combine Class

DATA . . . . . . . . . . . . . .	16 Bit	 0017	  	  Private 
MAIN . . . . . . . . . . . . . .	16 Bit	 0026	  	  Private 
PROCE  . . . . . . . . . . . . .	16 Bit	 0017	  	  Private 
STACK  . . . . . . . . . . . . .	16 Bit	 0100	  	  Stack	  


Procedures, parameters, and locals:

                N a m e                 Type     Value    Attr

START  . . . . . . . . . . . . .	P Far	 0000	  MAIN	Length= 0026 Public
SUM  . . . . . . . . . . . . . .	P Far	 0000	  PROCE	Length= 0017 Private


Symbols:

                N a m e                 Type     Value    Attr

ADN  . . . . . . . . . . . . . .	L Near	 000A	  PROCE	
ARY1 . . . . . . . . . . . . . .	Byte	 0000	  DATA	
ARY2 . . . . . . . . . . . . . .	Byte	 000C	  DATA	
COUNT1 . . . . . . . . . . . . .	Number	 000Ah	 
COUNT2 . . . . . . . . . . . . .	Number	 0009h	 
SUM1 . . . . . . . . . . . . . .	Word	 000A	  DATA	
SUM2 . . . . . . . . . . . . . .	Word	 0015	  DATA	

	   1 Warnings
	   1 Errors
